<?xml version="1.0" encoding="UTF-8"?>
<!-- Generated by org.testng.reporters.JUnitXMLReporter -->
<testsuite hostname="DESKTOP-89OTHQ5" ignored="0" name="Test" tests="2" failures="1" timestamp="23 Jan 2022 06:07:46 GMT" time="3.342" errors="0">
  <testcase name="loginTest" time="2.421" classname="com.tests.LoginTest"/>
  <testcase name="failTest" time="0.036" classname="com.tests.LoginTest">
    <failure type="java.lang.AssertionError" message="expected [JavaByKiran | Log in] but found [JavaByKiran | Dashboard]">
      <![CDATA[java.lang.AssertionError: expected [JavaByKiran | Log in] but found [JavaByKiran | Dashboard]
at com.tests.LoginTest.failTest(LoginTest.java:41)
... Removed 31 stack frames]]>
    </failure>
  </testcase> <!-- failTest -->
</testsuite> <!-- Test -->
